2025-01-20 15:45:45,181 - bot_logger - INFO - Пользователь Анз Мика начал викторину
2025-01-20 15:45:45,181 - bot_logger - INFO - Пользователь Анз Мика начал викторину
2025-01-20 15:45:45,181 - bot_logger - INFO - Пользователь Анз Мика начал викторину
2025-01-20 15:45:45,181 - bot_logger - INFO - Пользователь Анз Мика начал викторину
2025-01-20 15:46:04,784 - bot_logger - INFO - Операция создания ключа длилась0.0 секунд
2025-01-20 15:46:04,784 - bot_logger - INFO - Операция создания ключа длилась0.0 секунд
2025-01-20 15:46:04,784 - bot_logger - INFO - Операция создания ключа длилась0.0 секунд
2025-01-20 15:46:04,784 - bot_logger - INFO - Операция создания ключа длилась0.0 секунд
2025-01-20 15:46:04,785 - bot_logger - INFO - Пользователь Анз Мика завершил викторину с результатом Носуха
2025-01-20 15:46:04,785 - bot_logger - INFO - Пользователь Анз Мика завершил викторину с результатом Носуха
2025-01-20 15:46:04,785 - bot_logger - INFO - Пользователь Анз Мика завершил викторину с результатом Носуха
2025-01-20 15:46:04,785 - bot_logger - INFO - Пользователь Анз Мика завершил викторину с результатом Носуха
2025-01-20 15:46:08,178 - bot_logger - INFO - операция по отправке картинки и текста длилась 3.392932415008545 секунд
2025-01-20 15:46:08,178 - bot_logger - INFO - операция по отправке картинки и текста длилась 3.392932415008545 секунд
2025-01-20 15:46:08,178 - bot_logger - INFO - операция по отправке картинки и текста длилась 3.392932415008545 секунд
2025-01-20 15:46:08,178 - bot_logger - INFO - операция по отправке картинки и текста длилась 3.392932415008545 секунд
2025-01-20 15:46:10,792 - bot_logger - INFO - Пользователь Анз Мика начал викторину
2025-01-20 15:46:10,792 - bot_logger - INFO - Пользователь Анз Мика начал викторину
2025-01-20 15:46:10,792 - bot_logger - INFO - Пользователь Анз Мика начал викторину
2025-01-20 15:46:10,792 - bot_logger - INFO - Пользователь Анз Мика начал викторину
2025-01-20 15:46:18,077 - bot_logger - INFO - Операция создания ключа длилась0.0 секунд
2025-01-20 15:46:18,077 - bot_logger - INFO - Операция создания ключа длилась0.0 секунд
2025-01-20 15:46:18,077 - bot_logger - INFO - Операция создания ключа длилась0.0 секунд
2025-01-20 15:46:18,077 - bot_logger - INFO - Операция создания ключа длилась0.0 секунд
2025-01-20 15:46:18,078 - bot_logger - INFO - Пользователь Анз Мика завершил викторину с результатом Лошадь домашняя
2025-01-20 15:46:18,078 - bot_logger - INFO - Пользователь Анз Мика завершил викторину с результатом Лошадь домашняя
2025-01-20 15:46:18,078 - bot_logger - INFO - Пользователь Анз Мика завершил викторину с результатом Лошадь домашняя
2025-01-20 15:46:18,078 - bot_logger - INFO - Пользователь Анз Мика завершил викторину с результатом Лошадь домашняя
2025-01-20 15:46:28,714 - bot_logger - INFO - операция по отправке картинки и текста длилась 10.636709928512573 секунд
2025-01-20 15:46:28,714 - bot_logger - INFO - операция по отправке картинки и текста длилась 10.636709928512573 секунд
2025-01-20 15:46:28,714 - bot_logger - INFO - операция по отправке картинки и текста длилась 10.636709928512573 секунд
2025-01-20 15:46:28,714 - bot_logger - INFO - операция по отправке картинки и текста длилась 10.636709928512573 секунд
2025-01-20 15:47:31,277 - bot_logger - INFO - Пользователь Анз Мика начал викторину
2025-01-20 15:47:31,277 - bot_logger - INFO - Пользователь Анз Мика начал викторину
2025-01-20 15:47:31,277 - bot_logger - INFO - Пользователь Анз Мика начал викторину
2025-01-20 15:47:31,277 - bot_logger - INFO - Пользователь Анз Мика начал викторину
2025-01-20 15:47:39,260 - bot_logger - INFO - Операция создания ключа длилась0.0 секунд
2025-01-20 15:47:39,260 - bot_logger - INFO - Операция создания ключа длилась0.0 секунд
2025-01-20 15:47:39,260 - bot_logger - INFO - Операция создания ключа длилась0.0 секунд
2025-01-20 15:47:39,260 - bot_logger - INFO - Операция создания ключа длилась0.0 секунд
2025-01-20 15:47:39,261 - bot_logger - INFO - Пользователь Анз Мика завершил викторину с результатом Малый подорлик
2025-01-20 15:47:39,261 - bot_logger - INFO - Пользователь Анз Мика завершил викторину с результатом Малый подорлик
2025-01-20 15:47:39,261 - bot_logger - INFO - Пользователь Анз Мика завершил викторину с результатом Малый подорлик
2025-01-20 15:47:39,261 - bot_logger - INFO - Пользователь Анз Мика завершил викторину с результатом Малый подорлик
2025-01-20 15:47:41,399 - bot_logger - INFO - операция по отправке картинки и текста длилась 2.138120651245117 секунд
2025-01-20 15:47:41,399 - bot_logger - INFO - операция по отправке картинки и текста длилась 2.138120651245117 секунд
2025-01-20 15:47:41,399 - bot_logger - INFO - операция по отправке картинки и текста длилась 2.138120651245117 секунд
2025-01-20 15:47:41,399 - bot_logger - INFO - операция по отправке картинки и текста длилась 2.138120651245117 секунд
2025-01-20 15:48:55,665 - bot_logger - INFO - Пользователь Анз Мика начал викторину
2025-01-20 15:48:55,665 - bot_logger - INFO - Пользователь Анз Мика начал викторину
2025-01-20 15:49:10,614 - bot_logger - INFO - Операция создания ключа длилась0.0 секунд
2025-01-20 15:49:10,614 - bot_logger - INFO - Операция создания ключа длилась0.0 секунд
2025-01-20 15:49:10,615 - bot_logger - INFO - Пользователь Анз Мика завершил викторину с результатом Боливийская мирикина
2025-01-20 15:49:10,615 - bot_logger - INFO - Пользователь Анз Мика завершил викторину с результатом Боливийская мирикина
2025-01-20 15:49:12,757 - bot_logger - INFO - операция по отправке картинки и текста длилась 2.1415131092071533 секунд
2025-01-20 15:49:12,757 - bot_logger - INFO - операция по отправке картинки и текста длилась 2.1415131092071533 секунд
2025-01-20 15:50:54,658 - bot_logger - INFO - Пользователь Анз Мика начал викторину
2025-01-20 15:50:54,658 - bot_logger - INFO - Пользователь Анз Мика начал викторину
2025-01-20 15:51:07,329 - bot_logger - ERROR - Ошибка: get_key() missing 1 required positional argument: 'code'
2025-01-20 15:51:07,329 - bot_logger - ERROR - Ошибка: get_key() missing 1 required positional argument: 'code'
2025-01-20 15:51:37,066 - bot_logger - INFO - Пользователь Анз Мика запустил бота с командой /start
2025-01-20 15:51:37,066 - bot_logger - INFO - Пользователь Анз Мика запустил бота с командой /start
2025-01-20 16:11:36,623 - bot_logger - INFO - Пользователь Анз Мика начал викторину
2025-01-20 16:15:40,043 - bot_logger - INFO - Пользователь Анз Мика запустил бота с командой /start
2025-01-20 16:15:40,043 - bot_logger - INFO - Пользователь Анз Мика запустил бота с командой /start
2025-01-20 16:15:43,312 - bot_logger - INFO - Пользователь Анз Мика начал викторину
2025-01-20 16:15:43,312 - bot_logger - INFO - Пользователь Анз Мика начал викторину
2025-01-20 16:15:50,294 - bot_logger - INFO - Операция создания ключа длилась0.0 секунд
2025-01-20 16:15:50,294 - bot_logger - INFO - Операция создания ключа длилась0.0 секунд
2025-01-20 16:15:50,294 - bot_logger - INFO - Пользователь Анз Мика завершил викторину с результатом Носуха
2025-01-20 16:15:50,294 - bot_logger - INFO - Пользователь Анз Мика завершил викторину с результатом Носуха
2025-01-20 16:15:52,707 - bot_logger - INFO - операция по отправке картинки и текста длилась 2.4131460189819336 секунд
2025-01-20 16:15:52,707 - bot_logger - INFO - операция по отправке картинки и текста длилась 2.4131460189819336 секунд
2025-01-20 16:17:23,184 - bot_logger - INFO - Пользователь Анз Мика начал викторину
2025-01-20 16:17:41,327 - bot_logger - INFO - Операция создания ключа длилась0.0 секунд
2025-01-20 16:17:41,327 - bot_logger - INFO - Пользователь Анз Мика завершил викторину с результатом Лемур кошачий
2025-01-20 16:17:42,648 - bot_logger - INFO - операция по отправке картинки и текста длилась 1.3206605911254883 секунд
2025-01-20 16:18:22,268 - bot_logger - INFO - Пользователь Анз Мика начал викторину
2025-01-20 16:18:35,564 - bot_logger - INFO - Операция создания ключа длилась0.0 секунд
2025-01-20 16:18:35,565 - bot_logger - INFO - Пользователь Анз Мика завершил викторину с результатом Носуха
2025-01-20 16:18:42,605 - bot_logger - INFO - операция по отправке картинки и текста длилась 7.040264368057251 секунд
2025-01-20 16:21:19,366 - bot_logger - INFO - Пользователь Анз Мика начал викторину
2025-01-20 16:21:27,709 - bot_logger - INFO - Операция создания ключа длилась0.0 секунд
2025-01-20 16:21:27,709 - bot_logger - INFO - Пользователь Анз Мика завершил викторину с результатом Медоед
2025-01-20 16:21:27,709 - bot_logger - ERROR - Ошибка: name 'imag' is not defined
2025-01-21 17:46:04,248 - bot_logger - INFO - Пользователь Анз Мика запустил бота с командой /start
2025-01-21 17:46:06,320 - bot_logger - INFO - Пользователь Анз Мика начал викторину
2025-01-21 17:46:17,227 - bot_logger - INFO - Операция создания ключа длилась0.0 секунд
2025-01-21 17:46:17,227 - bot_logger - INFO - Пользователь Анз Мика завершил викторину с результатом Енот полоскун
2025-01-21 17:46:18,433 - bot_logger - INFO - операция по отправке картинки и текста длилась 1.2046592235565186 секунд
2025-01-21 18:08:40,286 - bot_logger - INFO - Пользователь Анз Мика запустил бота с командой /start
2025-01-21 18:08:44,164 - bot_logger - INFO - Пользователь Анз Мика начал викторину
2025-01-21 18:08:49,481 - bot_logger - INFO - Операция создания ключа длилась0.0 секунд
2025-01-21 18:08:49,482 - bot_logger - INFO - Пользователь Анз Мика завершил викторину с результатом Сурикат
2025-01-21 18:08:51,231 - bot_logger - INFO - операция по отправке картинки и текста длилась 1.7489001750946045 секунд
2025-01-21 18:11:04,597 - bot_logger - INFO - Пользователь Анз Мика запустил бота с командой /start
2025-01-21 18:11:08,165 - bot_logger - INFO - Пользователь Анз Мика начал викторину
2025-01-21 18:11:17,141 - bot_logger - INFO - Операция создания ключа длилась0.0 секунд
2025-01-21 18:11:17,141 - bot_logger - INFO - Пользователь Анз Мика завершил викторину с результатом Обыкновенная сипуха
2025-01-21 18:11:17,979 - bot_logger - INFO - операция по отправке картинки и текста длилась 0.8371326923370361 секунд
2025-01-21 18:12:57,901 - bot_logger - INFO - Пользователь Анз Мика запустил бота с командой /start
2025-01-21 18:13:00,129 - bot_logger - INFO - Пользователь Анз Мика начал викторину
2025-01-21 18:13:07,225 - bot_logger - INFO - Операция создания ключа длилась0.0 секунд
2025-01-21 18:13:07,225 - bot_logger - INFO - Пользователь Анз Мика завершил викторину с результатом Капская землянная белка
2025-01-21 18:13:11,398 - bot_logger - INFO - операция по отправке картинки и текста длилась 4.172667503356934 секунд
2025-01-21 18:16:42,273 - bot_logger - INFO - Пользователь Анз Мика начал викторину
2025-01-21 18:17:10,526 - bot_logger - INFO - Пользователь Анз Мика запустил бота с командой /start
2025-01-21 18:17:13,882 - bot_logger - INFO - Пользователь Анз Мика начал викторину
2025-01-21 18:17:20,936 - bot_logger - INFO - Операция создания ключа длилась0.0 секунд
2025-01-21 18:17:20,936 - bot_logger - INFO - Пользователь Анз Мика завершил викторину с результатом Малый подорлик
2025-01-21 18:17:21,627 - bot_logger - INFO - операция по отправке картинки и текста длилась 0.6906232833862305 секунд
2025-01-21 18:17:49,918 - bot_logger - INFO - Пользователь Анз Мика начал викторину
2025-01-21 18:17:57,247 - bot_logger - INFO - Операция создания ключа длилась0.0 секунд
2025-01-21 18:17:57,247 - bot_logger - INFO - Пользователь Анз Мика завершил викторину с результатом Красноглазая квакша
2025-01-21 18:17:58,054 - bot_logger - INFO - операция по отправке картинки и текста длилась 0.8057794570922852 секунд
2025-01-21 18:18:38,023 - bot_logger - INFO - Пользователь Анз Мика начал викторину
2025-01-21 18:21:19,850 - bot_logger - INFO - Пользователь Анз Мика запустил бота с командой /start
2025-01-21 18:21:22,478 - bot_logger - INFO - Пользователь Анз Мика начал викторину
2025-01-21 18:21:28,103 - bot_logger - INFO - Операция создания ключа длилась0.0 секунд
2025-01-21 18:21:28,104 - bot_logger - INFO - Пользователь Анз Мика завершил викторину с результатом Белоголовый сип
2025-01-21 18:21:28,813 - bot_logger - INFO - операция по отправке картинки и текста длилась 0.7090954780578613 секунд
2025-01-21 18:21:59,098 - bot_logger - INFO - Пользователь Анз Мика запустил бота с командой /start
2025-01-21 18:22:01,257 - bot_logger - INFO - Пользователь Анз Мика начал викторину
2025-01-21 18:22:07,863 - bot_logger - INFO - Операция создания ключа длилась0.0 секунд
2025-01-21 18:22:07,863 - bot_logger - INFO - Пользователь Анз Мика завершил викторину с результатом Капская землянная белка
2025-01-21 18:22:08,745 - bot_logger - INFO - операция по отправке картинки и текста длилась 0.8819494247436523 секунд
2025-01-21 18:23:41,373 - bot_logger - INFO - Пользователь Анз Мика запустил бота с командой /start
2025-01-21 18:23:43,511 - bot_logger - INFO - Пользователь Анз Мика начал викторину
2025-01-21 18:23:51,928 - bot_logger - INFO - Операция создания ключа длилась0.0 секунд
2025-01-21 18:23:51,928 - bot_logger - INFO - Пользователь Анз Мика завершил викторину с результатом Малый подорлик
2025-01-21 18:23:52,766 - bot_logger - INFO - операция по отправке картинки и текста длилась 0.8380227088928223 секунд
2025-01-21 18:29:28,113 - bot_logger - INFO - Пользователь Анз Мика начал викторину
2025-01-21 18:29:34,031 - bot_logger - INFO - Операция создания ключа длилась0.0 секунд
2025-01-21 18:29:34,031 - bot_logger - INFO - Пользователь Анз Мика завершил викторину с результатом Обыкновенный канюк
2025-01-21 18:29:34,517 - bot_logger - INFO - операция по отправке картинки и текста длилась 0.48575830459594727 секунд
2025-01-21 18:30:31,365 - bot_logger - INFO - Пользователь Анз Мика начал викторину
2025-01-21 18:30:36,182 - bot_logger - INFO - Операция создания ключа длилась0.0 секунд
2025-01-21 18:30:36,183 - bot_logger - INFO - Пользователь Анз Мика завершил викторину с результатом Нильский крокодил
2025-01-21 18:30:37,852 - bot_logger - INFO - операция по отправке картинки и текста длилась 1.6686019897460938 секунд
2025-01-21 18:31:38,936 - bot_logger - INFO - Пользователь Анз Мика запустил бота с командой /start
2025-01-21 18:31:40,967 - bot_logger - INFO - Пользователь Анз Мика начал викторину
2025-01-21 18:31:43,973 - bot_logger - INFO - Операция создания ключа длилась0.0 секунд
2025-01-21 18:31:43,973 - bot_logger - INFO - Пользователь Анз Мика завершил викторину с результатом Нильский крылан
2025-01-21 18:31:44,955 - bot_logger - INFO - операция по отправке картинки и текста длилась 0.98187255859375 секунд
2025-01-21 18:34:02,336 - bot_logger - INFO - Пользователь Анз Мика начал викторину
2025-01-21 18:34:06,344 - bot_logger - INFO - Операция создания ключа длилась0.0 секунд
2025-01-21 18:34:06,344 - bot_logger - INFO - Пользователь Анз Мика завершил викторину с результатом Очковый листонос
2025-01-21 18:34:06,925 - bot_logger - INFO - операция по отправке картинки и текста длилась 0.5808761119842529 секунд
2025-01-21 18:37:38,810 - bot_logger - INFO - Пользователь Анз Мика запустил бота с командой /start
2025-01-21 18:37:40,632 - bot_logger - INFO - Пользователь Анз Мика начал викторину
2025-01-21 18:37:43,909 - bot_logger - INFO - Операция создания ключа длилась0.0 секунд
2025-01-21 18:37:43,910 - bot_logger - INFO - Пользователь Анз Мика завершил викторину с результатом Нильский крылан
2025-01-21 18:37:44,702 - bot_logger - INFO - операция по отправке картинки и текста длилась 0.7915070056915283 секунд
2025-01-21 18:39:23,146 - bot_logger - INFO - Пользователь Анз Мика начал викторину
2025-01-21 18:39:25,896 - bot_logger - INFO - Операция создания ключа длилась0.0 секунд
2025-01-21 18:39:25,896 - bot_logger - INFO - Пользователь Анз Мика завершил викторину с результатом Нильский крылан
2025-01-21 18:39:26,510 - bot_logger - INFO - операция по отправке картинки и текста длилась 0.6141729354858398 секунд
2025-01-21 18:40:37,008 - bot_logger - INFO - Пользователь Анз Мика начал викторину
2025-01-21 18:40:44,286 - bot_logger - INFO - Операция создания ключа длилась0.0 секунд
2025-01-21 18:40:44,288 - bot_logger - INFO - Пользователь Анз Мика завершил викторину с результатом Африканская соня
2025-01-21 18:40:45,069 - bot_logger - INFO - операция по отправке картинки и текста длилась 0.7811403274536133 секунд
2025-01-21 18:42:05,321 - bot_logger - INFO - Пользователь Анз Мика начал викторину
2025-01-21 18:42:15,568 - bot_logger - INFO - Операция создания ключа длилась0.0 секунд
2025-01-21 18:42:15,570 - bot_logger - INFO - Пользователь Анз Мика завершил викторину с результатом Амурский тигр
2025-01-21 18:42:16,800 - bot_logger - INFO - операция по отправке картинки и текста длилась 1.2304251194000244 секунд
2025-01-21 18:43:53,192 - bot_logger - INFO - Пользователь Анз Мика начал викторину
2025-01-21 18:44:05,058 - bot_logger - INFO - Операция создания ключа длилась0.0 секунд
2025-01-21 18:44:05,059 - bot_logger - INFO - Пользователь Анз Мика завершил викторину с результатом Полосатая гиена
2025-01-21 18:44:05,779 - bot_logger - INFO - операция по отправке картинки и текста длилась 0.7200829982757568 секунд
2025-01-21 18:53:20,938 - bot_logger - INFO - Пользователь Анз Мика начал викторину
2025-01-21 18:53:34,641 - bot_logger - INFO - Операция создания ключа длилась0.0 секунд
2025-01-21 18:53:34,642 - bot_logger - INFO - Пользователь Анз Мика завершил викторину с результатом Енот полоскун
2025-01-21 18:53:35,990 - bot_logger - INFO - операция по отправке картинки и текста длилась 1.3481645584106445 секунд
2025-01-21 18:59:10,478 - bot_logger - INFO - Пользователь Микаил Цори запустил бота с командой /start
2025-01-21 18:59:13,852 - bot_logger - INFO - Пользователь Микаил Цори начал викторину
2025-01-21 18:59:25,255 - bot_logger - INFO - Операция создания ключа длилась0.0 секунд
2025-01-21 18:59:25,255 - bot_logger - INFO - Пользователь Микаил Цори завершил викторину с результатом Африканская соня
2025-01-21 18:59:26,323 - bot_logger - INFO - операция по отправке картинки и текста длилась 1.0680630207061768 секунд
2025-01-21 19:03:00,573 - bot_logger - INFO - Пользователь Ibragim 1707 запустил бота с командой /start
2025-01-21 19:04:58,012 - bot_logger - INFO - Пользователь Ibragim 1707 начал викторину
2025-01-21 19:05:52,158 - bot_logger - INFO - Операция создания ключа длилась0.0 секунд
2025-01-21 19:05:52,158 - bot_logger - INFO - Пользователь Ibragim 1707 завершил викторину с результатом Красный фламинго
2025-01-21 19:05:54,011 - bot_logger - INFO - операция по отправке картинки и текста длилась 1.8531670570373535 секунд
2025-01-21 19:06:41,673 - bot_logger - INFO - Пользователь Ibragim 1707 начал викторину
2025-01-21 19:07:19,589 - bot_logger - INFO - Операция создания ключа длилась0.0 секунд
2025-01-21 19:07:19,590 - bot_logger - INFO - Пользователь Ibragim 1707 завершил викторину с результатом Алый ибис
2025-01-21 19:07:20,409 - bot_logger - INFO - операция по отправке картинки и текста длилась 0.8191144466400146 секунд
2025-01-21 19:26:01,262 - bot_logger - INFO - Пользователь Анз Мика начал викторину
2025-01-21 19:26:08,551 - bot_logger - INFO - Операция создания ключа длилась0.0 секунд
2025-01-21 19:26:08,551 - bot_logger - INFO - Пользователь Анз Мика завершил викторину с результатом Малый подорлик
2025-01-21 19:26:09,836 - bot_logger - INFO - операция по отправке картинки и текста длилась 1.2850513458251953 секунд
2025-01-21 19:35:05,532 - bot_logger - INFO - Пользователь Анз Мика запустил бота с командой /start
2025-01-21 19:35:07,531 - bot_logger - INFO - Пользователь Анз Мика начал викторину
2025-01-21 19:35:12,657 - bot_logger - INFO - Операция создания ключа длилась0.0 секунд
2025-01-21 19:35:12,658 - bot_logger - INFO - Пользователь Анз Мика завершил викторину с результатом Малый подорлик
2025-01-21 19:35:13,742 - bot_logger - INFO - операция по отправке картинки и текста длилась 1.0838851928710938 секунд
2025-01-21 19:35:45,983 - bot_logger - INFO - Пользователь Анз Мика запустил бота с командой /start
2025-01-21 19:35:49,517 - bot_logger - INFO - Пользователь Анз Мика начал викторину
2025-01-21 19:35:56,085 - bot_logger - INFO - Операция создания ключа длилась0.0 секунд
2025-01-21 19:35:56,085 - bot_logger - INFO - Пользователь Анз Мика завершил викторину с результатом Малый подорлик
2025-01-21 19:35:56,911 - bot_logger - INFO - операция по отправке картинки и текста длилась 0.8245165348052979 секунд
2025-01-21 19:36:25,165 - bot_logger - INFO - Пользователь Анз Мика начал викторину
2025-01-21 19:36:32,159 - bot_logger - INFO - Операция создания ключа длилась0.0 секунд
2025-01-21 19:36:32,159 - bot_logger - INFO - Пользователь Анз Мика завершил викторину с результатом Мохноногий сыч
2025-01-21 19:36:33,515 - bot_logger - INFO - операция по отправке картинки и текста длилась 1.3543906211853027 секунд
2025-01-21 20:24:30,957 - bot_logger - INFO - Пользователь Анз Мика начал викторину
2025-01-21 20:24:45,770 - bot_logger - INFO - Операция создания ключа длилась0.0 секунд
2025-01-21 20:24:45,770 - bot_logger - INFO - Пользователь Анз Мика завершил викторину с результатом Енот полоскун
2025-01-21 20:24:47,440 - bot_logger - INFO - операция по отправке картинки и текста длилась 1.6700949668884277 секунд
2025-01-21 20:30:07,646 - bot_logger - INFO - Пользователь Анз Мика запустил бота с командой /start
2025-01-21 20:30:09,738 - bot_logger - INFO - Пользователь Анз Мика начал викторину
2025-01-21 20:30:14,957 - bot_logger - INFO - Операция создания ключа длилась0.0 секунд
2025-01-21 20:30:14,957 - bot_logger - INFO - Пользователь Анз Мика завершил викторину с результатом Беркут
2025-01-21 20:30:15,826 - bot_logger - INFO - операция по отправке картинки и текста длилась 0.8685777187347412 секунд
2025-01-21 20:30:51,054 - bot_logger - INFO - Пользователь Анз Мика начал викторину
2025-01-21 20:30:55,092 - bot_logger - INFO - Операция создания ключа длилась0.0 секунд
2025-01-21 20:30:55,092 - bot_logger - INFO - Пользователь Анз Мика завершил викторину с результатом Нильский крылан
2025-01-21 20:30:55,823 - bot_logger - INFO - операция по отправке картинки и текста длилась 0.730482816696167 секунд
2025-01-21 20:34:54,648 - bot_logger - INFO - Пользователь Анз Мика запустил бота с командой /start
2025-01-21 20:34:57,731 - bot_logger - INFO - Пользователь Анз Мика начал викторину
2025-01-21 20:35:02,377 - bot_logger - INFO - Операция создания ключа длилась0.0 секунд
2025-01-21 20:35:02,377 - bot_logger - INFO - Пользователь Анз Мика завершил викторину с результатом Нильский крылан
2025-01-21 20:35:03,735 - bot_logger - INFO - операция по отправке картинки и текста длилась 1.357926607131958 секунд
2025-01-21 20:36:23,468 - bot_logger - INFO - Пользователь Анз Мика запустил бота с командой /start
2025-01-21 20:36:26,108 - bot_logger - INFO - Пользователь Анз Мика начал викторину
2025-01-21 20:36:28,298 - bot_logger - INFO - Операция создания ключа длилась0.0 секунд
2025-01-21 20:36:28,298 - bot_logger - INFO - Пользователь Анз Мика завершил викторину с результатом Двухцветный кожан
2025-01-21 20:36:30,808 - bot_logger - INFO - операция по отправке картинки и текста длилась 2.509319543838501 секунд
2025-01-21 20:48:37,487 - bot_logger - INFO - Пользователь Анз Мика начал викторину
2025-01-21 20:48:45,708 - bot_logger - INFO - Операция создания ключа длилась0.0 секунд
2025-01-21 20:48:45,709 - bot_logger - INFO - Пользователь Анз Мика завершил викторину с результатом Восточно-сибирская рысь
2025-01-21 20:48:46,967 - bot_logger - INFO - операция по отправке картинки и текста длилась 1.258453369140625 секунд
2025-01-21 20:50:17,145 - bot_logger - INFO - Пользователь Анз Мика запустил бота с командой /start
2025-01-21 20:50:19,770 - bot_logger - INFO - Пользователь Анз Мика начал викторину
2025-01-21 20:50:27,205 - bot_logger - INFO - Операция создания ключа длилась0.0 секунд
2025-01-21 20:50:27,205 - bot_logger - INFO - Пользователь Анз Мика завершил викторину с результатом Степной кот
2025-01-21 20:50:29,713 - bot_logger - INFO - операция по отправке картинки и текста длилась 2.508178949356079 секунд
2025-01-21 20:52:27,205 - bot_logger - INFO - Пользователь Микаил Цори начал викторину
2025-01-21 20:52:35,353 - bot_logger - INFO - Операция создания ключа длилась0.0 секунд
2025-01-21 20:52:35,354 - bot_logger - INFO - Пользователь Микаил Цори завершил викторину с результатом Чёрный кайман
2025-01-21 20:52:38,773 - bot_logger - INFO - операция по отправке картинки и текста длилась 3.4187850952148438 секунд
2025-01-21 20:55:48,389 - bot_logger - INFO - Пользователь Микаил Цори начал викторину
2025-01-21 20:56:04,637 - bot_logger - INFO - Пользователь Анз Мика начал викторину
2025-01-21 20:56:08,462 - bot_logger - INFO - Операция создания ключа длилась0.0 секунд
2025-01-21 20:56:08,462 - bot_logger - INFO - Пользователь Анз Мика завершил викторину с результатом Двухцветный кожан
2025-01-21 20:56:10,130 - bot_logger - INFO - операция по отправке картинки и текста длилась 1.6679103374481201 секунд
2025-01-21 20:58:35,599 - bot_logger - INFO - Пользователь Анз Мика запустил бота с командой /start
2025-01-21 20:58:38,463 - bot_logger - INFO - Пользователь Анз Мика начал викторину
2025-01-21 20:58:51,651 - bot_logger - INFO - Операция создания ключа длилась0.0 секунд
2025-01-21 20:58:51,652 - bot_logger - INFO - Пользователь Анз Мика завершил викторину с результатом Обыкновенный канюк
2025-01-21 20:58:52,268 - bot_logger - INFO - операция по отправке картинки и текста длилась 0.6162624359130859 секунд
2025-01-21 21:10:12,431 - bot_logger - INFO - Пользователь Анз Мика запустил бота с командой /start
2025-01-21 21:10:15,045 - bot_logger - INFO - Пользователь Анз Мика начал викторину
2025-01-21 21:10:17,635 - bot_logger - INFO - Операция создания ключа длилась0.0 секунд
2025-01-21 21:10:17,635 - bot_logger - INFO - Пользователь Анз Мика завершил викторину с результатом Нильский крылан
2025-01-21 21:10:18,850 - bot_logger - INFO - операция по отправке картинки и текста длилась 1.2149174213409424 секунд
2025-01-21 21:11:06,301 - bot_logger - INFO - Пользователь Анз Мика начал викторину
2025-01-21 21:11:12,809 - bot_logger - INFO - Операция создания ключа длилась0.0 секунд
2025-01-21 21:11:12,809 - bot_logger - INFO - Пользователь Анз Мика завершил викторину с результатом Обыкновенная лисица
2025-01-21 21:11:14,707 - bot_logger - INFO - операция по отправке картинки и текста длилась 1.89790678024292 секунд
2025-01-21 21:14:15,973 - bot_logger - INFO - Пользователь Анз Мика начал викторину
2025-01-21 21:14:23,654 - bot_logger - INFO - Операция создания ключа длилась0.0 секунд
2025-01-21 21:14:23,655 - bot_logger - INFO - Пользователь Анз Мика завершил викторину с результатом Капибара
2025-01-21 21:14:25,496 - bot_logger - INFO - операция по отправке картинки и текста длилась 1.8407621383666992 секунд
2025-01-21 21:17:59,444 - bot_logger - INFO - Пользователь Анз Мика запустил бота с командой /start
2025-01-21 21:18:01,690 - bot_logger - INFO - Пользователь Анз Мика начал викторину
2025-01-21 21:18:15,553 - bot_logger - INFO - Операция создания ключа длилась0.0 секунд
2025-01-21 21:18:15,554 - bot_logger - INFO - Пользователь Анз Мика завершил викторину с результатом Беркут
2025-01-21 21:18:16,940 - bot_logger - INFO - операция по отправке картинки и текста длилась 1.3866667747497559 секунд
2025-01-21 21:18:58,978 - bot_logger - INFO - Пользователь Анз Мика начал викторину
2025-01-21 21:19:07,811 - bot_logger - INFO - Операция создания ключа длилась0.0 секунд
2025-01-21 21:19:07,811 - bot_logger - INFO - Пользователь Анз Мика завершил викторину с результатом Гигантский муравьед
2025-01-21 21:19:09,089 - bot_logger - INFO - операция по отправке картинки и текста длилась 1.2764527797698975 секунд
2025-01-21 21:27:34,211 - bot_logger - INFO - Пользователь Анз Мика начал викторину
2025-01-21 21:27:39,168 - bot_logger - INFO - Операция создания ключа длилась0.0 секунд
2025-01-21 21:27:39,169 - bot_logger - INFO - Пользователь Анз Мика завершил викторину с результатом Двухцветный кожан
2025-01-21 21:27:40,491 - bot_logger - INFO - операция по отправке картинки и текста длилась 1.3220322132110596 секунд
2025-01-21 21:35:56,103 - bot_logger - INFO - Пользователь Анз Мика запустил бота с командой /start
2025-01-21 21:35:59,038 - bot_logger - INFO - Пользователь Анз Мика начал викторину
2025-01-21 21:36:07,323 - bot_logger - INFO - Операция создания ключа длилась0.0 секунд
2025-01-21 21:36:07,324 - bot_logger - INFO - Пользователь Анз Мика завершил викторину с результатом Обыкновенный канюк
2025-01-21 21:36:07,841 - bot_logger - INFO - операция по отправке картинки и текста длилась 0.5165631771087646 секунд
2025-01-21 21:40:11,373 - bot_logger - INFO - Пользователь Анз Мика запустил бота с командой /start
2025-01-21 21:40:13,687 - bot_logger - INFO - Пользователь Анз Мика начал викторину
2025-01-21 21:40:19,219 - bot_logger - INFO - Операция создания ключа длилась0.0 секунд
2025-01-21 21:40:19,220 - bot_logger - INFO - Пользователь Анз Мика завершил викторину с результатом Малый подорлик
2025-01-21 21:40:19,922 - bot_logger - INFO - операция по отправке картинки и текста длилась 0.7021360397338867 секунд
2025-01-21 21:40:54,780 - bot_logger - INFO - Пользователь Анз Мика запустил бота с командой /start
2025-01-21 21:40:58,164 - bot_logger - INFO - Пользователь Анз Мика начал викторину
2025-01-21 21:41:03,852 - bot_logger - INFO - Операция создания ключа длилась0.0 секунд
2025-01-21 21:41:03,853 - bot_logger - INFO - Пользователь Анз Мика завершил викторину с результатом Малый подорлик
2025-01-21 21:41:04,506 - bot_logger - INFO - операция по отправке картинки и текста длилась 0.6527743339538574 секунд
2025-01-21 21:47:52,100 - bot_logger - INFO - Пользователь Анз Мика запустил бота с командой /start
2025-01-21 21:47:54,479 - bot_logger - INFO - Пользователь Анз Мика начал викторину
2025-01-21 21:47:59,587 - bot_logger - INFO - Операция создания ключа длилась0.0 секунд
2025-01-21 21:47:59,588 - bot_logger - INFO - Пользователь Анз Мика завершил викторину с результатом Белоголовый сип
2025-01-21 21:48:01,392 - bot_logger - INFO - операция по отправке картинки и текста длилась 1.8036317825317383 секунд
2025-01-21 21:53:01,379 - bot_logger - INFO - Пользователь Анз Мика запустил бота с командой /start
2025-01-21 21:53:03,166 - bot_logger - INFO - Пользователь Анз Мика начал викторину
2025-01-21 21:53:09,682 - bot_logger - INFO - Операция создания ключа длилась0.0 секунд
2025-01-21 21:53:09,682 - bot_logger - INFO - Пользователь Анз Мика завершил викторину с результатом Зебра греви
2025-01-21 21:53:11,203 - bot_logger - INFO - операция по отправке картинки и текста длилась 1.5207974910736084 секунд
2025-01-21 21:54:44,154 - bot_logger - INFO - Пользователь Анз Мика запустил бота с командой /start
2025-01-21 21:54:46,824 - bot_logger - INFO - Пользователь Анз Мика начал викторину
2025-01-21 21:54:55,320 - bot_logger - INFO - Операция создания ключа длилась0.0 секунд
2025-01-21 21:54:55,320 - bot_logger - INFO - Пользователь Анз Мика завершил викторину с результатом Южноафриканская-чёрная антилопа
2025-01-21 21:54:57,267 - bot_logger - INFO - операция по отправке картинки и текста длилась 1.9447085857391357 секунд
2025-01-21 21:59:44,494 - bot_logger - INFO - Пользователь Анз Мика запустил бота с командой /start
2025-01-21 21:59:48,331 - bot_logger - INFO - Пользователь Анз Мика начал викторину
2025-01-21 21:59:57,114 - bot_logger - INFO - Операция создания ключа длилась0.0 секунд
2025-01-21 21:59:57,114 - bot_logger - INFO - Пользователь Анз Мика завершил викторину с результатом Кенгуру беннета
2025-01-21 21:59:58,207 - bot_logger - INFO - операция по отправке картинки и текста длилась 1.0928478240966797 секунд
2025-01-21 22:02:25,865 - bot_logger - INFO - Пользователь Анз Мика запустил бота с командой /start
2025-01-21 22:02:28,477 - bot_logger - INFO - Пользователь Анз Мика начал викторину
2025-01-21 22:02:36,968 - bot_logger - INFO - Операция создания ключа длилась0.0 секунд
2025-01-21 22:02:36,969 - bot_logger - INFO - Пользователь Анз Мика завершил викторину с результатом Серый гусь
2025-01-21 22:02:41,570 - bot_logger - INFO - операция по отправке картинки и текста длилась 4.601629257202148 секунд
2025-01-23 20:26:30,099 - bot_logger - INFO - Пользователь Анз Мика запустил бота с командой /start
2025-01-23 20:26:33,761 - bot_logger - INFO - Пользователь Анз Мика начал викторину
2025-01-23 20:26:41,847 - bot_logger - INFO - Операция создания ключа длилась0.0 секунд
2025-01-23 20:26:41,848 - bot_logger - INFO - Пользователь Анз Мика завершил викторину с результатом Медоед
2025-01-23 20:26:43,815 - bot_logger - INFO - операция по отправке картинки и текста длилась 1.9664387702941895 секунд
2025-01-23 20:31:30,764 - bot_logger - INFO - Пользователь Анз Мика запустил бота с командой /start
2025-01-23 20:31:33,895 - bot_logger - INFO - Пользователь Анз Мика начал викторину
2025-01-23 20:31:40,015 - bot_logger - INFO - Операция создания ключа длилась0.0 секунд
2025-01-23 20:31:40,015 - bot_logger - INFO - Пользователь Анз Мика завершил викторину с результатом Носуха
2025-01-23 20:31:41,320 - bot_logger - INFO - операция по отправке картинки и текста длилась 1.3056066036224365 секунд
2025-01-23 20:36:17,449 - bot_logger - INFO - Пользователь Анз Мика запустил бота с командой /start
2025-01-23 20:36:47,180 - bot_logger - INFO - Пользователь Анз Мика начал викторину
2025-01-23 20:37:00,376 - bot_logger - INFO - Операция создания ключа длилась0.0 секунд
2025-01-23 20:37:00,376 - bot_logger - INFO - Пользователь Анз Мика завершил викторину с результатом Большой олененёк
2025-01-23 20:37:02,067 - bot_logger - INFO - операция по отправке картинки и текста длилась 1.6903133392333984 секунд
2025-01-23 20:39:09,690 - bot_logger - INFO - Пользователь Анз Мика запустил бота с командой /start
2025-01-23 20:39:12,756 - bot_logger - INFO - Пользователь Анз Мика начал викторину
2025-01-23 20:39:19,865 - bot_logger - INFO - Операция создания ключа длилась0.0 секунд
2025-01-23 20:39:19,865 - bot_logger - INFO - Пользователь Анз Мика завершил викторину с результатом Золотыстый-львиный тамарин
2025-01-23 20:39:23,003 - bot_logger - INFO - операция по отправке картинки и текста длилась 3.137521266937256 секунд
2025-01-23 20:41:41,596 - bot_logger - INFO - Пользователь Анз Мика запустил бота с командой /start
2025-01-23 20:41:45,385 - bot_logger - INFO - Пользователь Анз Мика начал викторину
2025-01-23 20:41:52,532 - bot_logger - INFO - Операция создания ключа длилась0.0 секунд
2025-01-23 20:41:52,533 - bot_logger - INFO - Пользователь Анз Мика завершил викторину с результатом Щетинохвостый кенгуру
2025-01-23 20:41:53,756 - bot_logger - INFO - операция по отправке картинки и текста длилась 1.2229385375976562 секунд
2025-01-23 20:48:01,759 - bot_logger - INFO - Пользователь Анз Мика начал викторину
2025-01-23 20:48:09,238 - bot_logger - INFO - Операция создания ключа длилась0.0 секунд
2025-01-23 20:48:09,238 - bot_logger - INFO - Пользователь Анз Мика завершил викторину с результатом Африканская соня
2025-01-23 20:48:10,896 - bot_logger - INFO - операция по отправке картинки и текста длилась 1.6574456691741943 секунд
2025-01-23 20:56:32,250 - bot_logger - INFO - Пользователь Анз Мика запустил бота с командой /start
2025-01-23 20:56:34,894 - bot_logger - INFO - Пользователь Анз Мика начал викторину
2025-01-23 20:56:44,137 - bot_logger - INFO - Операция создания ключа длилась0.0 секунд
2025-01-23 20:56:44,138 - bot_logger - INFO - Пользователь Анз Мика завершил викторину с результатом Малый подорлик
2025-01-23 20:56:45,604 - bot_logger - INFO - операция по отправке картинки и текста длилась 1.4658942222595215 секунд
2025-01-23 20:59:02,030 - bot_logger - INFO - Пользователь Анз Мика запустил бота с командой /start
2025-01-23 20:59:04,757 - bot_logger - INFO - Пользователь Анз Мика начал викторину
2025-01-23 20:59:12,509 - bot_logger - INFO - Операция создания ключа длилась0.0 секунд
2025-01-23 20:59:12,509 - bot_logger - INFO - Пользователь Анз Мика завершил викторину с результатом Обыкновенный канюк
2025-01-23 20:59:13,692 - bot_logger - INFO - операция по отправке картинки и текста длилась 1.1830263137817383 секунд
2025-01-23 21:02:05,821 - bot_logger - INFO - Пользователь Анз Мика начал викторину
2025-01-23 21:02:17,444 - bot_logger - INFO - Операция создания ключа длилась0.0 секунд
2025-01-23 21:02:17,444 - bot_logger - INFO - Пользователь Анз Мика завершил викторину с результатом Сетчатый питон
2025-01-23 21:02:18,732 - bot_logger - INFO - операция по отправке картинки и текста длилась 1.2886075973510742 секунд
2025-01-23 21:05:00,230 - bot_logger - INFO - Пользователь Анз Мика запустил бота с командой /start
2025-01-23 21:05:02,875 - bot_logger - INFO - Пользователь Анз Мика начал викторину
2025-01-23 21:05:10,074 - bot_logger - INFO - Операция создания ключа длилась0.0 секунд
2025-01-23 21:05:10,074 - bot_logger - INFO - Пользователь Анз Мика завершил викторину с результатом Малый подорлик
2025-01-23 21:05:11,460 - bot_logger - INFO - операция по отправке картинки и текста длилась 1.3864800930023193 секунд
2025-01-23 21:09:18,903 - bot_logger - INFO - Пользователь Анз Мика начал викторину
2025-01-23 21:09:29,571 - bot_logger - INFO - Операция создания ключа длилась0.0 секунд
2025-01-23 21:09:29,571 - bot_logger - INFO - Пользователь Анз Мика завершил викторину с результатом Обыкновенный канюк
2025-01-23 21:09:30,747 - bot_logger - INFO - операция по отправке картинки и текста длилась 1.1758675575256348 секунд
2025-01-23 21:10:11,568 - bot_logger - INFO - Пользователь Анз Мика начал викторину
2025-01-23 21:17:19,536 - bot_logger - INFO - Пользователь Анз Мика запустил бота с командой /start
2025-01-23 21:17:22,532 - bot_logger - INFO - Пользователь Анз Мика начал викторину
2025-01-23 21:17:31,000 - bot_logger - INFO - Операция создания ключа длилась0.0 секунд
2025-01-23 21:17:31,001 - bot_logger - INFO - Пользователь Анз Мика завершил викторину с результатом Фенек
2025-01-23 21:17:32,515 - bot_logger - INFO - операция по отправке картинки и текста длилась 1.5138468742370605 секунд
2025-01-23 23:52:41,060 - bot_logger - INFO - Пользователь Микаил Цори запустил бота с командой /start
2025-01-23 23:53:47,072 - bot_logger - INFO - Пользователь Микаил Цори начал викторину
2025-01-23 23:55:30,849 - bot_logger - INFO - Операция создания ключа длилась0.0 секунд
2025-01-23 23:55:30,849 - bot_logger - INFO - Пользователь Микаил Цори завершил викторину с результатом Ларга
2025-01-23 23:55:32,879 - bot_logger - INFO - операция по отправке картинки и текста длилась 2.0300071239471436 секунд
2025-01-23 23:55:41,474 - bot_logger - INFO - Пользователь Микаил Цори начал викторину
2025-01-24 00:01:30,025 - bot_logger - INFO - Пользователь Микаил Цори запустил бота с командой /start
2025-01-24 00:01:40,193 - bot_logger - INFO - Пользователь Микаил Цори начал викторину
2025-01-24 00:02:11,998 - bot_logger - INFO - Операция создания ключа длилась0.0 секунд
2025-01-24 00:02:11,998 - bot_logger - INFO - Пользователь Микаил Цори завершил викторину с результатом Жаба ага
2025-01-24 00:02:14,119 - bot_logger - INFO - операция по отправке картинки и текста длилась 2.119655132293701 секунд
2025-01-24 00:02:25,951 - bot_logger - INFO - Пользователь Микаил Цори начал викторину
2025-01-24 00:02:33,997 - bot_logger - INFO - Операция создания ключа длилась0.0 секунд
2025-01-24 00:02:33,997 - bot_logger - INFO - Пользователь Микаил Цори завершил викторину с результатом Очковый листонос
2025-01-24 00:02:34,969 - bot_logger - INFO - операция по отправке картинки и текста длилась 0.9720034599304199 секунд
2025-01-24 00:04:23,040 - bot_logger - INFO - Пользователь Микаил Цори начал викторину
2025-01-24 00:05:10,665 - bot_logger - INFO - Пользователь Анз Мика начал викторину
2025-01-24 00:07:20,820 - bot_logger - INFO - Пользователь Анз Мика запустил бота с командой /start
2025-01-24 00:07:29,619 - bot_logger - INFO - Пользователь Анз Мика начал викторину
2025-01-24 00:07:48,375 - bot_logger - INFO - Операция создания ключа длилась0.0 секунд
2025-01-24 00:07:48,375 - bot_logger - INFO - Пользователь Анз Мика завершил викторину с результатом Кустарниковая собака
2025-01-24 00:07:49,530 - bot_logger - INFO - операция по отправке картинки и текста длилась 1.155454158782959 секунд
2025-01-24 00:08:04,301 - bot_logger - INFO - Пользователь Анз Мика начал викторину
2025-01-24 00:12:26,376 - bot_logger - INFO - Пользователь Анз Мика запустил бота с командой /start
2025-01-24 00:12:28,829 - bot_logger - INFO - Пользователь Анз Мика начал викторину
2025-01-24 00:12:38,925 - bot_logger - INFO - Операция создания ключа длилась0.0 секунд
2025-01-24 00:12:38,926 - bot_logger - INFO - Пользователь Анз Мика завершил викторину с результатом Кенгуру беннета
2025-01-24 00:12:40,599 - bot_logger - INFO - операция по отправке картинки и текста длилась 1.673574447631836 секунд
2025-01-24 00:12:43,283 - bot_logger - INFO - Пользователь Анз Мика начал викторину
2025-01-24 00:12:52,032 - bot_logger - INFO - Операция создания ключа длилась0.0 секунд
2025-01-24 00:12:52,032 - bot_logger - INFO - Пользователь Анз Мика завершил викторину с результатом Малый подорлик
2025-01-24 00:12:52,914 - bot_logger - INFO - операция по отправке картинки и текста длилась 0.8818819522857666 секунд
2025-01-24 00:15:47,625 - bot_logger - INFO - Пользователь Анз Мика запустил бота с командой /start
2025-01-24 00:15:54,285 - bot_logger - INFO - Пользователь Анз Мика начал викторину
2025-01-24 00:16:01,924 - bot_logger - INFO - Операция создания ключа длилась0.0 секунд
2025-01-24 00:16:01,924 - bot_logger - INFO - Пользователь Анз Мика завершил викторину с результатом Медоед
2025-01-24 00:16:10,280 - bot_logger - INFO - операция по отправке картинки и текста длилась 8.355579853057861 секунд
2025-01-24 00:16:17,174 - bot_logger - INFO - Пользователь Анз Мика начал викторину
2025-01-24 00:16:32,451 - bot_logger - INFO - Операция создания ключа длилась0.0 секунд
2025-01-24 00:16:32,452 - bot_logger - INFO - Пользователь Анз Мика завершил викторину с результатом Сурикат
2025-01-24 00:16:52,108 - bot_logger - INFO - операция по отправке картинки и текста длилась 19.655460119247437 секунд
2025-01-24 00:17:14,781 - bot_logger - INFO - Пользователь Анз Мика начал викторину
2025-01-24 00:17:32,661 - bot_logger - INFO - Операция создания ключа длилась0.0 секунд
2025-01-24 00:17:32,662 - bot_logger - INFO - Пользователь Анз Мика завершил викторину с результатом Беркут
2025-01-24 00:17:39,425 - bot_logger - INFO - операция по отправке картинки и текста длилась 6.762397050857544 секунд
